2021-11-10 15:18:32,273 - py_cui - INFO | Initialized logger: Function enable_logging in __init__.py:233
2021-11-10 15:18:32,273 - py_cui - DEBUG | Set border_characters to {'UP_LEFT': '╭', 'UP_RIGHT': '╮', 'DOWN_LEFT': '╰', 'DOWN_RIGHT': '╯', 'HORIZONTAL': '─', 'VERTICAL': '│'}: Function set_widget_border_characters in __init__.py:410
2021-11-10 15:18:32,273 - py_cui - DEBUG | Setting selected widget to ID 0: Function set_selected_widget in __init__.py:1046
2021-11-10 15:18:32,273 - py_cui - INFO | Adding widget Authentication w/ ID 0 of type <class 'py_cui.widgets.ScrollMenu'>: Function add_scroll_menu in __init__.py:454
2021-11-10 15:18:32,273 - py_cui - INFO | Clearing menu: Function clear in ui.py:688
2021-11-10 15:18:32,273 - py_cui - DEBUG | Adding item list ['', '', '', '', '', '', '', '', '', '', '', '', '', '', '', '', '', '', '', '', '', '', '', '', '', 'Attempts left: 3'] to menu: Function add_item_list in ui.py:857
2021-11-10 15:18:32,273 - py_cui - DEBUG | Adding item  to menu: Function add_item in ui.py:844
2021-11-10 15:18:32,273 - py_cui - DEBUG | Adding item  to menu: Function add_item in ui.py:844
2021-11-10 15:18:32,273 - py_cui - DEBUG | Adding item  to menu: Function add_item in ui.py:844
2021-11-10 15:18:32,273 - py_cui - DEBUG | Adding item  to menu: Function add_item in ui.py:844
2021-11-10 15:18:32,273 - py_cui - DEBUG | Adding item  to menu: Function add_item in ui.py:844
2021-11-10 15:18:32,273 - py_cui - DEBUG | Adding item  to menu: Function add_item in ui.py:844
2021-11-10 15:18:32,273 - py_cui - DEBUG | Adding item  to menu: Function add_item in ui.py:844
2021-11-10 15:18:32,273 - py_cui - DEBUG | Adding item  to menu: Function add_item in ui.py:844
2021-11-10 15:18:32,273 - py_cui - DEBUG | Adding item  to menu: Function add_item in ui.py:844
2021-11-10 15:18:32,273 - py_cui - DEBUG | Adding item  to menu: Function add_item in ui.py:844
2021-11-10 15:18:32,273 - py_cui - DEBUG | Adding item  to menu: Function add_item in ui.py:844
2021-11-10 15:18:32,273 - py_cui - DEBUG | Adding item  to menu: Function add_item in ui.py:844
2021-11-10 15:18:32,273 - py_cui - DEBUG | Adding item  to menu: Function add_item in ui.py:844
2021-11-10 15:18:32,273 - py_cui - DEBUG | Adding item  to menu: Function add_item in ui.py:844
2021-11-10 15:18:32,273 - py_cui - DEBUG | Adding item  to menu: Function add_item in ui.py:844
2021-11-10 15:18:32,273 - py_cui - DEBUG | Adding item  to menu: Function add_item in ui.py:844
2021-11-10 15:18:32,273 - py_cui - DEBUG | Adding item  to menu: Function add_item in ui.py:844
2021-11-10 15:18:32,273 - py_cui - DEBUG | Adding item  to menu: Function add_item in ui.py:844
2021-11-10 15:18:32,273 - py_cui - DEBUG | Adding item  to menu: Function add_item in ui.py:844
2021-11-10 15:18:32,273 - py_cui - DEBUG | Adding item  to menu: Function add_item in ui.py:844
2021-11-10 15:18:32,273 - py_cui - DEBUG | Adding item  to menu: Function add_item in ui.py:844
2021-11-10 15:18:32,273 - py_cui - DEBUG | Adding item  to menu: Function add_item in ui.py:844
2021-11-10 15:18:32,273 - py_cui - DEBUG | Adding item  to menu: Function add_item in ui.py:844
2021-11-10 15:18:32,273 - py_cui - DEBUG | Adding item  to menu: Function add_item in ui.py:844
2021-11-10 15:18:32,273 - py_cui - DEBUG | Adding item  to menu: Function add_item in ui.py:844
2021-11-10 15:18:32,273 - py_cui - DEBUG | Adding item Attempts left: 3 to menu: Function add_item in ui.py:844
2021-11-10 15:18:32,273 - py_cui - DEBUG | Opened <class 'py_cui.popups.LoadingIconPopup'> popup with title Please Wait: Function show_loading_icon_popup in __init__.py:1268
2021-11-10 15:18:32,273 - py_cui - INFO | Starting TwoPasswords CUI: Function start in __init__.py:310
2021-11-10 15:18:32,274 - py_cui - DEBUG | Popup Please Wait handling key 0: Function _handle_key_presses in __init__.py:1524
2021-11-10 15:18:32,274 - py_cui - INFO | Drew widgets: Function _draw_widgets in __init__.py:1457
2021-11-10 15:18:32,530 - py_cui - DEBUG | Popup Please Wait handling key 0: Function _handle_key_presses in __init__.py:1524
2021-11-10 15:18:32,532 - py_cui - INFO | Drew widgets: Function _draw_widgets in __init__.py:1457
2021-11-10 15:18:32,787 - py_cui - DEBUG | Popup Please Wait handling key 0: Function _handle_key_presses in __init__.py:1524
2021-11-10 15:18:32,789 - py_cui - INFO | Drew widgets: Function _draw_widgets in __init__.py:1457
2021-11-10 15:18:33,044 - py_cui - DEBUG | Popup Please Wait handling key 0: Function _handle_key_presses in __init__.py:1524
2021-11-10 15:18:33,047 - py_cui - INFO | Drew widgets: Function _draw_widgets in __init__.py:1457
2021-11-10 15:18:33,298 - py_cui - DEBUG | Popup Please Wait handling key 0: Function _handle_key_presses in __init__.py:1524
2021-11-10 15:18:33,300 - py_cui - INFO | Drew widgets: Function _draw_widgets in __init__.py:1457
2021-11-10 15:18:33,555 - py_cui - DEBUG | Popup Please Wait handling key 0: Function _handle_key_presses in __init__.py:1524
2021-11-10 15:18:33,556 - py_cui - INFO | Drew widgets: Function _draw_widgets in __init__.py:1457
2021-11-10 15:18:33,812 - py_cui - DEBUG | Popup Please Wait handling key 0: Function _handle_key_presses in __init__.py:1524
2021-11-10 15:18:33,815 - py_cui - INFO | Drew widgets: Function _draw_widgets in __init__.py:1457
2021-11-10 15:18:34,068 - py_cui - DEBUG | Popup Please Wait handling key 0: Function _handle_key_presses in __init__.py:1524
2021-11-10 15:18:34,070 - py_cui - INFO | Drew widgets: Function _draw_widgets in __init__.py:1457
2021-11-10 15:18:34,326 - py_cui - DEBUG | Popup Please Wait handling key 0: Function _handle_key_presses in __init__.py:1524
2021-11-10 15:18:34,329 - py_cui - INFO | Drew widgets: Function _draw_widgets in __init__.py:1457
2021-11-10 15:18:34,584 - py_cui - DEBUG | Popup Please Wait handling key 0: Function _handle_key_presses in __init__.py:1524
2021-11-10 15:18:34,586 - py_cui - INFO | Drew widgets: Function _draw_widgets in __init__.py:1457
2021-11-10 15:18:34,842 - py_cui - DEBUG | Popup Please Wait handling key 0: Function _handle_key_presses in __init__.py:1524
2021-11-10 15:18:34,843 - py_cui - INFO | Drew widgets: Function _draw_widgets in __init__.py:1457
2021-11-10 15:18:34,976 - py_cui - INFO | lose_focus: Not currently in focus mode: Function lose_focus in __init__.py:1062
2021-11-10 15:18:34,976 - py_cui - DEBUG | Stopping open loading popup: Function stop_loading_popup in __init__.py:1394
2021-11-10 15:18:34,976 - py_cui - INFO | Clearing menu: Function clear in ui.py:688
2021-11-10 15:18:34,976 - py_cui - DEBUG | Adding item list ['', '', '', '', '', '', '', '', '', '', '', '', '', '', '', '', '', '', '', '', '', '', '', '', '', 'Attempts left: 2'] to menu: Function add_item_list in ui.py:857
2021-11-10 15:18:34,976 - py_cui - DEBUG | Adding item  to menu: Function add_item in ui.py:844
2021-11-10 15:18:34,976 - py_cui - DEBUG | Adding item  to menu: Function add_item in ui.py:844
2021-11-10 15:18:34,977 - py_cui - DEBUG | Adding item  to menu: Function add_item in ui.py:844
2021-11-10 15:18:34,977 - py_cui - DEBUG | Adding item  to menu: Function add_item in ui.py:844
2021-11-10 15:18:34,977 - py_cui - DEBUG | Adding item  to menu: Function add_item in ui.py:844
2021-11-10 15:18:34,977 - py_cui - DEBUG | Adding item  to menu: Function add_item in ui.py:844
2021-11-10 15:18:34,977 - py_cui - DEBUG | Adding item  to menu: Function add_item in ui.py:844
2021-11-10 15:18:34,977 - py_cui - DEBUG | Adding item  to menu: Function add_item in ui.py:844
2021-11-10 15:18:34,977 - py_cui - DEBUG | Adding item  to menu: Function add_item in ui.py:844
2021-11-10 15:18:34,977 - py_cui - DEBUG | Adding item  to menu: Function add_item in ui.py:844
2021-11-10 15:18:34,977 - py_cui - DEBUG | Adding item  to menu: Function add_item in ui.py:844
2021-11-10 15:18:34,977 - py_cui - DEBUG | Adding item  to menu: Function add_item in ui.py:844
2021-11-10 15:18:34,977 - py_cui - DEBUG | Adding item  to menu: Function add_item in ui.py:844
2021-11-10 15:18:34,977 - py_cui - DEBUG | Adding item  to menu: Function add_item in ui.py:844
2021-11-10 15:18:34,977 - py_cui - DEBUG | Adding item  to menu: Function add_item in ui.py:844
2021-11-10 15:18:34,977 - py_cui - DEBUG | Adding item  to menu: Function add_item in ui.py:844
2021-11-10 15:18:34,977 - py_cui - DEBUG | Adding item  to menu: Function add_item in ui.py:844
2021-11-10 15:18:34,977 - py_cui - DEBUG | Adding item  to menu: Function add_item in ui.py:844
2021-11-10 15:18:34,977 - py_cui - DEBUG | Adding item  to menu: Function add_item in ui.py:844
2021-11-10 15:18:34,977 - py_cui - DEBUG | Adding item  to menu: Function add_item in ui.py:844
2021-11-10 15:18:34,977 - py_cui - DEBUG | Adding item  to menu: Function add_item in ui.py:844
2021-11-10 15:18:34,977 - py_cui - DEBUG | Adding item  to menu: Function add_item in ui.py:844
2021-11-10 15:18:34,977 - py_cui - DEBUG | Adding item  to menu: Function add_item in ui.py:844
2021-11-10 15:18:34,977 - py_cui - DEBUG | Adding item  to menu: Function add_item in ui.py:844
2021-11-10 15:18:34,977 - py_cui - DEBUG | Adding item  to menu: Function add_item in ui.py:844
2021-11-10 15:18:34,977 - py_cui - DEBUG | Adding item Attempts left: 2 to menu: Function add_item in ui.py:844
2021-11-10 15:18:34,977 - py_cui - DEBUG | Opened <class 'py_cui.popups.YesNoPopup'> popup with title No face detected. Try again?: Function show_yes_no_popup in __init__.py:1208
2021-11-10 15:18:35,094 - py_cui - DEBUG | Popup No face detected. Try again?- (y/n) handling key 0: Function _handle_key_presses in __init__.py:1524
2021-11-10 15:18:35,095 - py_cui - INFO | Drew widgets: Function _draw_widgets in __init__.py:1457
2021-11-10 15:18:35,095 - py_cui - INFO | Waiting for next keypress: Function _draw in __init__.py:1590
2021-11-10 15:18:37,169 - py_cui - DEBUG | Popup No face detected. Try again?- (y/n) handling key 110: Function _handle_key_presses in __init__.py:1524
2021-11-10 15:18:37,169 - py_cui - INFO | lose_focus: Not currently in focus mode: Function lose_focus in __init__.py:1062
2021-11-10 15:18:37,170 - py_cui - INFO | Stopping CUI: Function stop in __init__.py:319
2021-11-10 15:18:37,172 - py_cui - INFO | Drew widgets: Function _draw_widgets in __init__.py:1457
